<?xml version="1.0" encoding="UTF-8"?><testsuite errors="0" failures="0" name="in.co.gorest.model.gorestinfo.UsersCURDTestWithSteps" skipped="0" tests="4" time="7.98" timestamp="2022-06-06T23:48:54.755+01:00[Europe/London]"><testcase classname="in.co.gorest.model.gorestinfo.UsersCURDTestWithSteps" name="This will create a new Users "/><testcase classname="in.co.gorest.model.gorestinfo.UsersCURDTestWithSteps" name="Verify that the Users added in to stack"/><testcase classname="in.co.gorest.model.gorestinfo.UsersCURDTestWithSteps" name="This will Updated created id"/><testcase classname="in.co.gorest.model.gorestinfo.UsersCURDTestWithSteps" name="This will Delate created id"/></testsuite>